<?xml version="1.0" encoding="UTF-8"?>
<!-- Generated by org.testng.reporters.JUnitReportReporter -->
<testsuite skipped="0" hostname="LAPTOP-6J2R3I92" name="com.pet.test.PetAcceptanceTest" tests="3" failures="0" timestamp="21 Nov 2019 20:18:08 GMT" time="7.970" errors="0">
  <testcase name="verifyCreated" time="3.536" classname="com.pet.test.PetAcceptanceTest"/>
  <testcase name="verifyUpated" time="2.006" classname="com.pet.test.PetAcceptanceTest"/>
  <testcase name="verifyDeleted" time="2.428" classname="com.pet.test.PetAcceptanceTest"/>
</testsuite> <!-- com.pet.test.PetAcceptanceTest -->
