<?xml version="1.0" encoding="UTF-8"?>
<!-- Generated by org.testng.reporters.JUnitReportReporter -->
<testsuite skipped="0" hostname="LAPTOP-6J2R3I92" name="com.assure.test.AssureAcceptanceTest" tests="1" failures="0" timestamp="21 Nov 2019 16:51:45 GMT" time="3.437" errors="0">
  <testcase name="verifyDeleted" time="3.437" classname="com.assure.test.AssureAcceptanceTest"/>
</testsuite> <!-- com.assure.test.AssureAcceptanceTest -->
